2017-07-07 15:08:07,192 INFO - https://www.kuaidi100.com/apicenter/courier.do?method=mktaround&xzqname=湖南,长沙市-长沙市-岳麓区&keywords=麓谷信息港
2017-07-07 15:22:44,660 INFO - fuck
2017-07-07 15:24:41,100 INFO - https://www.kuaidi100.com/apicenter/courier.do?method=mktaround&xzqname=湖南,长沙市-长沙市-岳麓区&keywords=麓谷信息港
2017-07-11 15:06:11,640 ERROR - None
2017-07-11 15:17:55,943 ERROR - None
2017-07-12 15:04:20,881 INFO - already have the user [uid:oF9z-0AeSEpU7q1T1YuYVffcrnaM, session:cOruyFQ5GwmBBvMQhG4Nbw==]
2017-07-12 15:08:45,734 INFO - already have the user [uid:oF9z-0AeSEpU7q1T1YuYVffcrnaM, session:5KohgCcy266YxW8LJC4HXA==]
2017-07-12 17:00:19,405 ERROR - None
2017-07-12 17:00:44,533 ERROR - None
2017-07-12 17:01:34,593 ERROR - None
2017-07-12 17:01:53,693 ERROR - None
2017-07-12 17:03:31,626 ERROR - None
2017-07-12 17:03:44,556 ERROR - None
2017-07-12 17:04:06,011 ERROR - None
2017-07-12 17:05:57,058 ERROR - None
2017-07-12 17:06:09,321 ERROR - None
2017-07-12 17:07:45,473 ERROR - None
2017-07-12 19:18:06,197 ERROR - saveUserInfo error! user is None! [sdt_10001]
2017-07-12 19:52:51,560 ERROR - None
2017-07-12 20:20:52,858 ERROR - saveUserInfo error! user is None! [sdt_10001]
2017-07-13 09:21:34,430 ERROR - None
